[I 18:05:19.405 NotebookApp] [nb_conda_kernels] enabled, 5 kernels found
[I 18:05:20.260 NotebookApp] [nb_conda] enabled
[I 18:05:20.261 NotebookApp] Serving notebooks from local directory: /home/lab15/git_repository/Study
[I 18:05:20.261 NotebookApp] The Jupyter Notebook is running at:
[I 18:05:20.261 NotebookApp] http://ip-172-31-41-188:8895/?token=a19d93f6dc5555d2c0e1fa125288a5e73b8ad1467ac56051
[I 18:05:20.261 NotebookApp]  or http://127.0.0.1:8895/?token=a19d93f6dc5555d2c0e1fa125288a5e73b8ad1467ac56051
[I 18:05:20.261 NotebookApp] Use Control-C to stop this server and shut down all kernels (twice to skip confirmation).
[C 18:05:20.268 NotebookApp] 
    
    To access the notebook, open this file in a browser:
        file:///home/lab15/.local/share/jupyter/runtime/nbserver-1847-open.html
    Or copy and paste one of these URLs:
        http://ip-172-31-41-188:8895/?token=a19d93f6dc5555d2c0e1fa125288a5e73b8ad1467ac56051
     or http://127.0.0.1:8895/?token=a19d93f6dc5555d2c0e1fa125288a5e73b8ad1467ac56051
[I 18:05:33.763 NotebookApp] Saving file at /ML_DL/Keras_book/CNN_parctice.ipynb
[W 18:05:44.146 NotebookApp] Notebook ML_DL/Keras_book/CNN_parctice.ipynb is not trusted
[I 18:05:44.831 NotebookApp] Kernel started: 53839b29-def4-411c-a3c4-6746c9265ccc
[I 18:05:51.130 NotebookApp] Starting buffering for 53839b29-def4-411c-a3c4-6746c9265ccc:38af81f456d14e318242eccf1ed2f74b
[I 18:05:51.340 NotebookApp] Kernel restarted: 53839b29-def4-411c-a3c4-6746c9265ccc
[I 18:05:51.893 NotebookApp] Restoring connection for 53839b29-def4-411c-a3c4-6746c9265ccc:38af81f456d14e318242eccf1ed2f74b
[I 18:05:51.893 NotebookApp] Replaying 3 buffered messages
2020-03-17 18:05:59.736775: I tensorflow/core/platform/cpu_feature_guard.cc:140] Your CPU supports instructions that this TensorFlow binary was not compiled to use: AVX2 FMA
[I 18:06:24.267 NotebookApp] Starting buffering for 53839b29-def4-411c-a3c4-6746c9265ccc:38af81f456d14e318242eccf1ed2f74b
[I 18:06:45.344 NotebookApp] Restoring connection for 53839b29-def4-411c-a3c4-6746c9265ccc:38af81f456d14e318242eccf1ed2f74b
[I 18:06:45.344 NotebookApp] Replaying 18 buffered messages
[I 18:07:16.957 NotebookApp] Starting buffering for 53839b29-def4-411c-a3c4-6746c9265ccc:38af81f456d14e318242eccf1ed2f74b
[I 18:07:57.456 NotebookApp] Restoring connection for 53839b29-def4-411c-a3c4-6746c9265ccc:38af81f456d14e318242eccf1ed2f74b
[I 18:07:57.456 NotebookApp] Replaying 35 buffered messages
[I 18:08:28.544 NotebookApp] Starting buffering for 53839b29-def4-411c-a3c4-6746c9265ccc:38af81f456d14e318242eccf1ed2f74b
[I 18:17:44.830 NotebookApp] Saving file at /ML_DL/Keras_book/CNN_parctice.ipynb
[I 18:17:45.124 NotebookApp] Restoring connection for 53839b29-def4-411c-a3c4-6746c9265ccc:38af81f456d14e318242eccf1ed2f74b
[I 18:17:45.124 NotebookApp] Replaying 402 buffered messages
[I 18:17:58.602 NotebookApp] Starting buffering for 53839b29-def4-411c-a3c4-6746c9265ccc:38af81f456d14e318242eccf1ed2f74b
[I 21:27:58.071 NotebookApp] Restoring connection for 53839b29-def4-411c-a3c4-6746c9265ccc:38af81f456d14e318242eccf1ed2f74b
[I 21:27:58.071 NotebookApp] Replaying 2530 buffered messages
[I 21:29:39.379 NotebookApp] Saving file at /ML_DL/Keras_book/CNN_parctice.ipynb
[I 21:33:39.369 NotebookApp] Saving file at /ML_DL/Keras_book/CNN_parctice.ipynb
[I 21:35:31.691 NotebookApp] Saving file at /ML_DL/Keras_book/CNN_parctice.ipynb
[I 21:37:39.365 NotebookApp] Saving file at /ML_DL/Keras_book/CNN_parctice.ipynb
[I 21:39:39.361 NotebookApp] Saving file at /ML_DL/Keras_book/CNN_parctice.ipynb
[I 21:41:39.362 NotebookApp] Saving file at /ML_DL/Keras_book/CNN_parctice.ipynb
[I 21:43:39.351 NotebookApp] Saving file at /ML_DL/Keras_book/CNN_parctice.ipynb
[I 21:45:37.322 NotebookApp] Kernel interrupted: 53839b29-def4-411c-a3c4-6746c9265ccc
[I 21:45:39.369 NotebookApp] Saving file at /ML_DL/Keras_book/CNN_parctice.ipynb
[I 21:47:39.365 NotebookApp] Saving file at /ML_DL/Keras_book/CNN_parctice.ipynb
[I 21:49:39.365 NotebookApp] Saving file at /ML_DL/Keras_book/CNN_parctice.ipynb
[I 21:51:39.371 NotebookApp] Saving file at /ML_DL/Keras_book/CNN_parctice.ipynb
[I 21:51:58.250 NotebookApp] Starting buffering for 53839b29-def4-411c-a3c4-6746c9265ccc:38af81f456d14e318242eccf1ed2f74b
[I 21:51:58.760 NotebookApp] Kernel restarted: 53839b29-def4-411c-a3c4-6746c9265ccc
[I 21:51:59.410 NotebookApp] Restoring connection for 53839b29-def4-411c-a3c4-6746c9265ccc:38af81f456d14e318242eccf1ed2f74b
[I 21:51:59.410 NotebookApp] Replaying 6 buffered messages
2020-03-17 21:52:02.100911: I tensorflow/core/platform/cpu_feature_guard.cc:140] Your CPU supports instructions that this TensorFlow binary was not compiled to use: AVX2 FMA
[I 21:52:27.864 NotebookApp] Starting buffering for 53839b29-def4-411c-a3c4-6746c9265ccc:38af81f456d14e318242eccf1ed2f74b
[I 21:53:39.379 NotebookApp] Saving file at /ML_DL/Keras_book/CNN_parctice.ipynb
[I 21:53:41.032 NotebookApp] Restoring connection for 53839b29-def4-411c-a3c4-6746c9265ccc:38af81f456d14e318242eccf1ed2f74b
[I 21:53:41.033 NotebookApp] Replaying 70 buffered messages
[I 21:55:39.360 NotebookApp] Saving file at /ML_DL/Keras_book/CNN_parctice.ipynb
[I 21:56:54.665 NotebookApp] Saving file at /ML_DL/Keras_book/CNN_parctice.ipynb
[I 21:57:31.379 NotebookApp] Saving file at /ML_DL/Keras_book/CNN_parctice.ipynb
[I 21:57:34.418 NotebookApp] Saving file at /ML_DL/Keras_book/CNN_parctice.ipynb
[I 21:57:39.357 NotebookApp] Saving file at /ML_DL/Keras_book/CNN_parctice.ipynb
